0 info it worked if it ends with ok
1 verbose cli [ '/usr/bin/node',
1 verbose cli   '/usr/bin/npm',
1 verbose cli   'install',
1 verbose cli   'husky@next',
1 verbose cli   '--save-dev' ]
2 info using npm@3.5.2
3 info using node@v8.10.0
4 silly loadCurrentTree Starting
5 silly install loadCurrentTree
6 silly install readLocalPackageData
7 silly fetchPackageMetaData husky@next
8 silly fetchNamedPackageData husky
9 silly mapToRegistry name husky
10 silly mapToRegistry using default registry
11 silly mapToRegistry registry https://registry.npmjs.org/
12 silly mapToRegistry uri https://registry.npmjs.org/husky
13 verbose request uri https://registry.npmjs.org/husky
14 verbose request no auth needed
15 info attempt registry request try #1 at 9:27:53 AM
16 verbose request id 737a14cdb3046421
17 verbose etag W/"9d4fde092b18be71a2e79bdcdd44ad2f"
18 verbose lastModified Wed, 21 Nov 2018 00:20:36 GMT
19 http request GET https://registry.npmjs.org/husky
20 http 304 https://registry.npmjs.org/husky
21 verbose headers { date: 'Wed, 21 Nov 2018 08:27:54 GMT',
21 verbose headers   connection: 'keep-alive',
21 verbose headers   'set-cookie':
21 verbose headers    [ '__cfduid=d21eb56adb9912934ca863e0debbcafa61542788874; expires=Thu, 21-Nov-19 08:27:54 GMT; path=/; domain=.registry.npmjs.org; HttpOnly' ],
21 verbose headers   'cf-cache-status': 'HIT',
21 verbose headers   'cache-control': 'max-age=300',
21 verbose headers   'cf-ray': '47d1c79f4bf6a86f-CDG',
21 verbose headers   etag: '"9d4fde092b18be71a2e79bdcdd44ad2f"',
21 verbose headers   'expect-ct': 'max-age=604800, report-uri="https://report-uri.cloudflare.com/cdn-cgi/beacon/expect-ct"',
21 verbose headers   'last-modified': 'Wed, 21 Nov 2018 00:20:36 GMT',
21 verbose headers   vary: 'accept-encoding, accept',
21 verbose headers   'x-amz-meta-rev': '316-49bf7848bf416195e36fdc8e61a69baf',
21 verbose headers   server: 'cloudflare' }
22 silly get cb [ 304,
22 silly get   { date: 'Wed, 21 Nov 2018 08:27:54 GMT',
22 silly get     connection: 'keep-alive',
22 silly get     'set-cookie':
22 silly get      [ '__cfduid=d21eb56adb9912934ca863e0debbcafa61542788874; expires=Thu, 21-Nov-19 08:27:54 GMT; path=/; domain=.registry.npmjs.org; HttpOnly' ],
22 silly get     'cf-cache-status': 'HIT',
22 silly get     'cache-control': 'max-age=300',
22 silly get     'cf-ray': '47d1c79f4bf6a86f-CDG',
22 silly get     etag: '"9d4fde092b18be71a2e79bdcdd44ad2f"',
22 silly get     'expect-ct': 'max-age=604800, report-uri="https://report-uri.cloudflare.com/cdn-cgi/beacon/expect-ct"',
22 silly get     'last-modified': 'Wed, 21 Nov 2018 00:20:36 GMT',
22 silly get     vary: 'accept-encoding, accept',
22 silly get     'x-amz-meta-rev': '316-49bf7848bf416195e36fdc8e61a69baf',
22 silly get     server: 'cloudflare' } ]
23 verbose etag https://registry.npmjs.org/husky from cache
24 verbose get saving husky to /home/po/.npm/registry.npmjs.org/husky/.cache.json
25 silly fetchPackageMetaData Error: No compatible version found: husky@next
25 silly fetchPackageMetaData Valid install targets:
25 silly fetchPackageMetaData 1.2.0, 1.1.4, 1.1.3, 1.1.2, 1.1.1, 1.1.0, 1.0.1, 1.0.0, 1.0.0-rc.15, 1.0.0-rc.14, 1.0.0-rc.13, 1.0.0-rc.12, 1.0.0-rc.11, 1.0.0-rc.10, 1.0.0-rc.9, 1.0.0-rc.8, 1.0.0-rc.7, 1.0.0-rc.6, 1.0.0-rc.5, 1.0.0-rc.4, 1.0.0-rc.3, 1.0.0-rc.2, 1.0.0-rc.1, 0.15.0-rc.13, 0.15.0-rc.12, 0.15.0-rc.11, 0.15.0-rc.10, 0.15.0-rc.9, 0.15.0-rc.8, 0.15.0-rc.7, 0.15.0-rc.6, 0.15.0-rc.5, 0.15.0-rc.4, 0.15.0-rc.3, 0.15.0-rc.2, 0.15.0-rc.1, 0.15.0-beta.16, 0.15.0-beta.15, 0.15.0-beta.14, 0.15.0-beta.13, 0.15.0-beta.12, 0.15.0-beta.11, 0.15.0-beta.10, 0.15.0-beta.9, 0.15.0-beta.8, 0.15.0-beta.7, 0.15.0-beta.6, 0.15.0-beta.5, 0.15.0-beta.4, 0.15.0-beta.3, 0.15.0-beta.2, 0.15.0-beta.1, 0.15.0-beta.0, 0.14.3, 0.14.2, 0.14.1, 0.14.1-2, 0.14.1-1, 0.14.1-0, 0.14.0, 0.14.0-1, 0.14.0-0, 0.13.4, 0.13.3, 0.13.3-0, 0.13.2, 0.13.1, 0.13.0, 0.13.0-1, 0.13.0-0, 0.12.0, 0.12.0-2, 0.12.0-1, 0.12.0-0, 0.11.9, 0.11.8, 0.11.7, 0.11.6, 0.11.5, 0.11.4, 0.11.3, 0.11.2, 0.11.1, 0.11.0, 0.10.2, 0.10.1, 0.10.0, 0.9.3, 0.9.2, 0.9.1, 0.9.0, 0.8.1, 0.8.0, 0.7.0, 0.6.2, 0.6.1, 0.6.0, 0.5.4, 0.5.3, 0.5.2, 0.5.1, 0.5.0, 0.4.3, 0.4.2, 0.4.1, 0.4.0
25 silly fetchPackageMetaData
25 silly fetchPackageMetaData     at pickVersionFromRegistryDocument (/usr/share/npm/lib/fetch-package-metadata.js:156:16)
25 silly fetchPackageMetaData     at /usr/share/npm/node_modules/iferr/index.js:13:50
25 silly fetchPackageMetaData     at /usr/share/npm/lib/utils/pulse-till-done.js:19:8
25 silly fetchPackageMetaData     at saved (/usr/share/npm/lib/cache/caching-client.js:168:7)
25 silly fetchPackageMetaData     at /usr/share/npm/node_modules/graceful-fs/polyfills.js:210:7
25 silly fetchPackageMetaData     at FSReqWrap.oncomplete (fs.js:135:15)
25 silly fetchPackageMetaData  error for husky@next Error: No compatible version found: husky@next
25 silly fetchPackageMetaData Valid install targets:
25 silly fetchPackageMetaData 1.2.0, 1.1.4, 1.1.3, 1.1.2, 1.1.1, 1.1.0, 1.0.1, 1.0.0, 1.0.0-rc.15, 1.0.0-rc.14, 1.0.0-rc.13, 1.0.0-rc.12, 1.0.0-rc.11, 1.0.0-rc.10, 1.0.0-rc.9, 1.0.0-rc.8, 1.0.0-rc.7, 1.0.0-rc.6, 1.0.0-rc.5, 1.0.0-rc.4, 1.0.0-rc.3, 1.0.0-rc.2, 1.0.0-rc.1, 0.15.0-rc.13, 0.15.0-rc.12, 0.15.0-rc.11, 0.15.0-rc.10, 0.15.0-rc.9, 0.15.0-rc.8, 0.15.0-rc.7, 0.15.0-rc.6, 0.15.0-rc.5, 0.15.0-rc.4, 0.15.0-rc.3, 0.15.0-rc.2, 0.15.0-rc.1, 0.15.0-beta.16, 0.15.0-beta.15, 0.15.0-beta.14, 0.15.0-beta.13, 0.15.0-beta.12, 0.15.0-beta.11, 0.15.0-beta.10, 0.15.0-beta.9, 0.15.0-beta.8, 0.15.0-beta.7, 0.15.0-beta.6, 0.15.0-beta.5, 0.15.0-beta.4, 0.15.0-beta.3, 0.15.0-beta.2, 0.15.0-beta.1, 0.15.0-beta.0, 0.14.3, 0.14.2, 0.14.1, 0.14.1-2, 0.14.1-1, 0.14.1-0, 0.14.0, 0.14.0-1, 0.14.0-0, 0.13.4, 0.13.3, 0.13.3-0, 0.13.2, 0.13.1, 0.13.0, 0.13.0-1, 0.13.0-0, 0.12.0, 0.12.0-2, 0.12.0-1, 0.12.0-0, 0.11.9, 0.11.8, 0.11.7, 0.11.6, 0.11.5, 0.11.4, 0.11.3, 0.11.2, 0.11.1, 0.11.0, 0.10.2, 0.10.1, 0.10.0, 0.9.3, 0.9.2, 0.9.1, 0.9.0, 0.8.1, 0.8.0, 0.7.0, 0.6.2, 0.6.1, 0.6.0, 0.5.4, 0.5.3, 0.5.2, 0.5.1, 0.5.0, 0.4.3, 0.4.2, 0.4.1, 0.4.0
25 silly fetchPackageMetaData
25 silly fetchPackageMetaData     at pickVersionFromRegistryDocument (/usr/share/npm/lib/fetch-package-metadata.js:156:16)
25 silly fetchPackageMetaData     at /usr/share/npm/node_modules/iferr/index.js:13:50
25 silly fetchPackageMetaData     at /usr/share/npm/lib/utils/pulse-till-done.js:19:8
25 silly fetchPackageMetaData     at saved (/usr/share/npm/lib/cache/caching-client.js:168:7)
25 silly fetchPackageMetaData     at /usr/share/npm/node_modules/graceful-fs/polyfills.js:210:7
25 silly fetchPackageMetaData     at FSReqWrap.oncomplete (fs.js:135:15)
26 silly rollbackFailedOptional Starting
27 silly rollbackFailedOptional Finishing
28 silly runTopLevelLifecycles Starting
29 silly runTopLevelLifecycles Finishing
30 silly install printInstalled
31 verbose stack Error: No compatible version found: husky@next
31 verbose stack Valid install targets:
31 verbose stack 1.2.0, 1.1.4, 1.1.3, 1.1.2, 1.1.1, 1.1.0, 1.0.1, 1.0.0, 1.0.0-rc.15, 1.0.0-rc.14, 1.0.0-rc.13, 1.0.0-rc.12, 1.0.0-rc.11, 1.0.0-rc.10, 1.0.0-rc.9, 1.0.0-rc.8, 1.0.0-rc.7, 1.0.0-rc.6, 1.0.0-rc.5, 1.0.0-rc.4, 1.0.0-rc.3, 1.0.0-rc.2, 1.0.0-rc.1, 0.15.0-rc.13, 0.15.0-rc.12, 0.15.0-rc.11, 0.15.0-rc.10, 0.15.0-rc.9, 0.15.0-rc.8, 0.15.0-rc.7, 0.15.0-rc.6, 0.15.0-rc.5, 0.15.0-rc.4, 0.15.0-rc.3, 0.15.0-rc.2, 0.15.0-rc.1, 0.15.0-beta.16, 0.15.0-beta.15, 0.15.0-beta.14, 0.15.0-beta.13, 0.15.0-beta.12, 0.15.0-beta.11, 0.15.0-beta.10, 0.15.0-beta.9, 0.15.0-beta.8, 0.15.0-beta.7, 0.15.0-beta.6, 0.15.0-beta.5, 0.15.0-beta.4, 0.15.0-beta.3, 0.15.0-beta.2, 0.15.0-beta.1, 0.15.0-beta.0, 0.14.3, 0.14.2, 0.14.1, 0.14.1-2, 0.14.1-1, 0.14.1-0, 0.14.0, 0.14.0-1, 0.14.0-0, 0.13.4, 0.13.3, 0.13.3-0, 0.13.2, 0.13.1, 0.13.0, 0.13.0-1, 0.13.0-0, 0.12.0, 0.12.0-2, 0.12.0-1, 0.12.0-0, 0.11.9, 0.11.8, 0.11.7, 0.11.6, 0.11.5, 0.11.4, 0.11.3, 0.11.2, 0.11.1, 0.11.0, 0.10.2, 0.10.1, 0.10.0, 0.9.3, 0.9.2, 0.9.1, 0.9.0, 0.8.1, 0.8.0, 0.7.0, 0.6.2, 0.6.1, 0.6.0, 0.5.4, 0.5.3, 0.5.2, 0.5.1, 0.5.0, 0.4.3, 0.4.2, 0.4.1, 0.4.0
31 verbose stack
31 verbose stack     at pickVersionFromRegistryDocument (/usr/share/npm/lib/fetch-package-metadata.js:156:16)
31 verbose stack     at /usr/share/npm/node_modules/iferr/index.js:13:50
31 verbose stack     at /usr/share/npm/lib/utils/pulse-till-done.js:19:8
31 verbose stack     at saved (/usr/share/npm/lib/cache/caching-client.js:168:7)
31 verbose stack     at /usr/share/npm/node_modules/graceful-fs/polyfills.js:210:7
31 verbose stack     at FSReqWrap.oncomplete (fs.js:135:15)
32 verbose cwd /home/po/ci
33 error Linux 4.15.0-38-generic
34 error argv "/usr/bin/node" "/usr/bin/npm" "install" "husky@next" "--save-dev"
35 error node v8.10.0
36 error npm  v3.5.2
37 error No compatible version found: husky@next
37 error Valid install targets:
37 error 1.2.0, 1.1.4, 1.1.3, 1.1.2, 1.1.1, 1.1.0, 1.0.1, 1.0.0, 1.0.0-rc.15, 1.0.0-rc.14, 1.0.0-rc.13, 1.0.0-rc.12, 1.0.0-rc.11, 1.0.0-rc.10, 1.0.0-rc.9, 1.0.0-rc.8, 1.0.0-rc.7, 1.0.0-rc.6, 1.0.0-rc.5, 1.0.0-rc.4, 1.0.0-rc.3, 1.0.0-rc.2, 1.0.0-rc.1, 0.15.0-rc.13, 0.15.0-rc.12, 0.15.0-rc.11, 0.15.0-rc.10, 0.15.0-rc.9, 0.15.0-rc.8, 0.15.0-rc.7, 0.15.0-rc.6, 0.15.0-rc.5, 0.15.0-rc.4, 0.15.0-rc.3, 0.15.0-rc.2, 0.15.0-rc.1, 0.15.0-beta.16, 0.15.0-beta.15, 0.15.0-beta.14, 0.15.0-beta.13, 0.15.0-beta.12, 0.15.0-beta.11, 0.15.0-beta.10, 0.15.0-beta.9, 0.15.0-beta.8, 0.15.0-beta.7, 0.15.0-beta.6, 0.15.0-beta.5, 0.15.0-beta.4, 0.15.0-beta.3, 0.15.0-beta.2, 0.15.0-beta.1, 0.15.0-beta.0, 0.14.3, 0.14.2, 0.14.1, 0.14.1-2, 0.14.1-1, 0.14.1-0, 0.14.0, 0.14.0-1, 0.14.0-0, 0.13.4, 0.13.3, 0.13.3-0, 0.13.2, 0.13.1, 0.13.0, 0.13.0-1, 0.13.0-0, 0.12.0, 0.12.0-2, 0.12.0-1, 0.12.0-0, 0.11.9, 0.11.8, 0.11.7, 0.11.6, 0.11.5, 0.11.4, 0.11.3, 0.11.2, 0.11.1, 0.11.0, 0.10.2, 0.10.1, 0.10.0, 0.9.3, 0.9.2, 0.9.1, 0.9.0, 0.8.1, 0.8.0, 0.7.0, 0.6.2, 0.6.1, 0.6.0, 0.5.4, 0.5.3, 0.5.2, 0.5.1, 0.5.0, 0.4.3, 0.4.2, 0.4.1, 0.4.0
38 error If you need help, you may report this error at:
38 error     <https://github.com/npm/npm/issues>
39 verbose exit [ 1, true ]
